[10Dec2024 00:03:26.339] [Server thread/INFO] [net.minecraft.server.MinecraftServer/]: Crisogamaer has made the advancement [Diamonds!]
[10Dec2024 00:03:29.991] [Server thread/INFO] [net.minecraft.server.MinecraftServer/]: [elguatavo7u7159: Set own game mode to Spectator Mode]
[10Dec2024 00:03:35.518] [Server thread/INFO] [net.minecraft.server.MinecraftServer/]: [elguatavo7u7159: Teleported elguatavo7u7159 to Crisogamaer]
[10Dec2024 00:04:19.651] [Server thread/INFO] [net.minecraft.server.MinecraftServer/]: [elguatavo7u7159: Set own game mode to Survival Mode]
[10Dec2024 00:05:11.038] [Server thread/INFO] [net.minecraft.server.MinecraftServer/]: Crisogamaer has made the advancement [Sneak 100]
[10Dec2024 00:06:01.538] [Server thread/INFO] [net.minecraft.server.MinecraftServer/]: Crisogamaer was slain by Zombie
[10Dec2024 00:06:01.541] [Server thread/INFO] [com.lothrazar.simpletomb.ModTomb/]: simpletomb.message.new_grave(-1349, -10, -58) minecraft:overworld
[10Dec2024 00:06:21.738] [Server thread/INFO] [net.minecraft.server.MinecraftServer/]: Crisogamaer was shot by Skeleton
[10Dec2024 00:06:21.741] [Server thread/INFO] [com.lothrazar.simpletomb.ModTomb/]: simpletomb.message.new_grave(-1349, -25, -24) minecraft:overworld
[10Dec2024 00:06:38.136] [Server thread/INFO] [net.minecraft.server.MinecraftServer/]: [Not Secure] <Crisogamaer> bro wtf con los esqueletos
[10Dec2024 00:12:45.288] [Server thread/INFO] [net.minecraft.server.MinecraftServer/]: Crisogamaer was shot by Skeleton
[10Dec2024 00:12:45.293] [Server thread/INFO] [com.lothrazar.simpletomb.ModTomb/]: simpletomb.message.new_grave(-1393, 87, 260) minecraft:overworld
[10Dec2024 00:17:07.190] [Server thread/INFO] [net.minecraft.world.entity.npc.Villager/]: Villager Villager['Villager'/37340, l='ServerLevel[world]', x=-1499.57, y=111.00, z=18.80] died, message: 'Villager hit the ground too hard'
[10Dec2024 00:17:42.793] [Server thread/INFO] [com.teampotato.redirector.Redirector/]: Redirecting net/minecraft/world/entity/animal/IronGolem$Crackiness
[10Dec2024 00:18:48.697] [Server thread/INFO] [net.minecraft.server.MinecraftServer/]: Crisogamaer has made the advancement [Book of Monsters]
[10Dec2024 00:18:59.340] [Server thread/INFO] [net.minecraft.server.MinecraftServer/]: Crisogamaer has made the advancement [Would you Like to Know More?]
[10Dec2024 00:20:05.199] [Server thread/INFO] [net.minecraft.server.MinecraftServer/]: [elguatavo7u7159: Set own game mode to Creative Mode]
[10Dec2024 00:22:50.611] [Worker-Main-2/ERROR] [net.minecraft.world.entity.decoration.HangingEntity/]: Hanging entity at invalid position: BlockPos{x=-257, y=27, z=-591}
[10Dec2024 00:22:50.613] [Worker-Main-2/ERROR] [net.minecraft.world.entity.decoration.HangingEntity/]: Hanging entity at invalid position: BlockPos{x=-253, y=27, z=-591}
[10Dec2024 00:22:50.613] [Worker-Main-2/ERROR] [net.minecraft.world.entity.decoration.HangingEntity/]: Hanging entity at invalid position: BlockPos{x=-250, y=27, z=-586}
[10Dec2024 00:22:51.245] [Worker-Main-1/ERROR] [net.minecraft.world.entity.decoration.HangingEntity/]: Hanging entity at invalid position: BlockPos{x=-234, y=32, z=-539}
[10Dec2024 00:22:55.783] [Worker-Main-3/ERROR] [net.minecraft.world.entity.decoration.HangingEntity/]: Hanging entity at invalid position: BlockPos{x=-235, y=27, z=-544}
[10Dec2024 00:22:58.510] [Worker-Main-1/ERROR] [net.minecraft.world.entity.decoration.HangingEntity/]: Hanging entity at invalid position: BlockPos{x=-257, y=27, z=-591}
[10Dec2024 00:22:58.510] [Worker-Main-1/ERROR] [net.minecraft.world.entity.decoration.HangingEntity/]: Hanging entity at invalid position: BlockPos{x=-253, y=27, z=-591}
[10Dec2024 00:22:58.511] [Worker-Main-1/ERROR] [net.minecraft.world.entity.decoration.HangingEntity/]: Hanging entity at invalid position: BlockPos{x=-250, y=27, z=-586}
[10Dec2024 00:22:58.676] [Worker-Main-1/ERROR] [net.minecraft.world.entity.decoration.HangingEntity/]: Hanging entity at invalid position: BlockPos{x=-284, y=26, z=-592}
[10Dec2024 00:22:58.677] [Worker-Main-1/ERROR] [net.minecraft.world.entity.decoration.HangingEntity/]: Hanging entity at invalid position: BlockPos{x=-284, y=27, z=-592}
[10Dec2024 00:22:58.677] [Worker-Main-1/ERROR] [net.minecraft.world.entity.decoration.HangingEntity/]: Hanging entity at invalid position: BlockPos{x=-275, y=27, z=-591}
[10Dec2024 00:22:58.677] [Worker-Main-1/ERROR] [net.minecraft.world.entity.decoration.HangingEntity/]: Hanging entity at invalid position: BlockPos{x=-282, y=35, z=-587}
[10Dec2024 00:25:31.989] [Server thread/INFO] [net.minecraft.world.entity.npc.Villager/]: Villager Villager['Villager'/39323, l='ServerLevel[world]', x=-1395.47, y=124.62, z=-256.22] died, message: 'Villager was slain by Fire Dragon'
[10Dec2024 00:25:37.691] [Server thread/INFO] [net.minecraft.server.MinecraftServer/]: [elguatavo7u7159: Set own game mode to Survival Mode]
[10Dec2024 00:26:20.636] [Server thread/INFO] [net.minecraft.server.MinecraftServer/]: Crisogamaer was shot by Skeleton
[10Dec2024 00:26:20.638] [Server thread/INFO] [com.lothrazar.simpletomb.ModTomb/]: simpletomb.message.new_grave(-1428, 52, 178) minecraft:overworld
[10Dec2024 00:27:26.090] [Server thread/INFO] [net.minecraft.server.MinecraftServer/]: Crisogamaer has made the advancement [Sweet Dreams]
[10Dec2024 00:27:26.091] [Server thread/INFO] [com.teampotato.redirector.Redirector/]: Redirecting net/minecraft/world/entity/player/Player$BedSleepingProblem
[10Dec2024 00:29:12.141] [Server thread/INFO] [com.teampotato.redirector.Redirector/]: Redirecting net/p3pp3rf1y/sophisticatedcore/settings/main/Context
[10Dec2024 00:33:08.030] [Server thread/WARN] [net.minecraft.server.MinecraftServer/]: Can't keep up! Is the server overloaded? Running 7354ms or 147 ticks behind
[10Dec2024 00:33:10.358] [Worker-Main-3/ERROR] [net.minecraft.world.entity.decoration.HangingEntity/]: Hanging entity at invalid position: BlockPos{x=-235, y=27, z=-544}
[10Dec2024 00:33:10.358] [Worker-Main-3/ERROR] [net.minecraft.world.entity.decoration.HangingEntity/]: Hanging entity at invalid position: BlockPos{x=-234, y=32, z=-539}
[10Dec2024 00:33:19.904] [Worker-Main-3/ERROR] [net.minecraft.world.entity.decoration.HangingEntity/]: Hanging entity at invalid position: BlockPos{x=-276, y=27, z=-610}
[10Dec2024 00:33:20.034] [Worker-Main-3/ERROR] [net.minecraft.world.entity.decoration.HangingEntity/]: Hanging entity at invalid position: BlockPos{x=-382, y=29, z=-611}
[10Dec2024 00:33:20.083] [Worker-Main-1/ERROR] [net.minecraft.world.entity.decoration.HangingEntity/]: Hanging entity at invalid position: BlockPos{x=-315, y=32, z=-582}
[10Dec2024 00:33:20.083] [Worker-Main-1/ERROR] [net.minecraft.world.entity.decoration.HangingEntity/]: Hanging entity at invalid position: BlockPos{x=-315, y=32, z=-587}
[10Dec2024 00:33:20.084] [Worker-Main-1/ERROR] [net.minecraft.world.entity.decoration.HangingEntity/]: Hanging entity at invalid position: BlockPos{x=-312, y=32, z=-582}
[10Dec2024 00:33:20.084] [Worker-Main-1/ERROR] [net.minecraft.world.entity.decoration.HangingEntity/]: Hanging entity at invalid position: BlockPos{x=-312, y=32, z=-587}
[10Dec2024 00:33:29.700] [Worker-Main-3/ERROR] [net.minecraft.world.entity.decoration.HangingEntity/]: Hanging entity at invalid position: BlockPos{x=-235, y=27, z=-544}
[10Dec2024 00:33:29.701] [Worker-Main-3/ERROR] [net.minecraft.world.entity.decoration.HangingEntity/]: Hanging entity at invalid position: BlockPos{x=-234, y=32, z=-539}
[10Dec2024 00:33:31.713] [Worker-Main-2/ERROR] [net.minecraft.world.entity.decoration.HangingEntity/]: Hanging entity at invalid position: BlockPos{x=-330, y=27, z=-542}
[10Dec2024 00:33:31.714] [Worker-Main-2/ERROR] [net.minecraft.world.entity.decoration.HangingEntity/]: Hanging entity at invalid position: BlockPos{x=-329, y=27, z=-542}
[10Dec2024 00:33:31.714] [Worker-Main-2/ERROR] [net.minecraft.world.entity.decoration.HangingEntity/]: Hanging entity at invalid position: BlockPos{x=-329, y=32, z=-542}
[10Dec2024 00:33:32.189] [Worker-Main-1/ERROR] [net.minecraft.world.entity.decoration.HangingEntity/]: Hanging entity at invalid position: BlockPos{x=-189, y=35, z=-533}
[10Dec2024 00:33:32.191] [Worker-Main-1/ERROR] [net.minecraft.world.entity.decoration.HangingEntity/]: Hanging entity at invalid position: BlockPos{x=-189, y=36, z=-533}
[10Dec2024 00:33:32.520] [Worker-Main-2/ERROR] [net.minecraft.world.entity.decoration.HangingEntity/]: Hanging entity at invalid position: BlockPos{x=-284, y=26, z=-592}
[10Dec2024 00:33:32.520] [Worker-Main-2/ERROR] [net.minecraft.world.entity.decoration.HangingEntity/]: Hanging entity at invalid position: BlockPos{x=-284, y=27, z=-592}
[10Dec2024 00:33:32.521] [Worker-Main-2/ERROR] [net.minecraft.world.entity.decoration.HangingEntity/]: Hanging entity at invalid position: BlockPos{x=-282, y=35, z=-587}
[10Dec2024 00:33:32.717] [Worker-Main-1/ERROR] [net.minecraft.world.entity.decoration.HangingEntity/]: Hanging entity at invalid position: BlockPos{x=-275, y=27, z=-591}
[10Dec2024 00:34:41.243] [Server thread/INFO] [net.minecraft.server.MinecraftServer/]: [elguatavo7u7159: Set own game mode to Creative Mode]
[10Dec2024 00:35:09.922] [Server thread/WARN] [net.minecraft.server.MinecraftServer/]: Can't keep up! Is the server overloaded? Running 4746ms or 94 ticks behind
[10Dec2024 00:38:11.185] [Server thread/WARN] [net.minecraft.server.MinecraftServer/]: Can't keep up! Is the server overloaded? Running 7359ms or 147 ticks behind
[10Dec2024 00:38:22.355] [Server thread/ERROR] [net.minecraft.Util/]: Invalid entity rotation: NaN, discarding.
[10Dec2024 00:39:07.036] [Server thread/INFO] [net.minecraft.server.MinecraftServer/]: Crisogamaer was slain by Sea Serpent
[10Dec2024 00:39:07.039] [Server thread/INFO] [com.lothrazar.simpletomb.ModTomb/]: simpletomb.message.new_grave(-89929, 64, 172) minecraft:overworld
[10Dec2024 00:39:22.789] [Server thread/INFO] [com.lothrazar.simpletomb.ModTomb/]: 0 result 0 air
[10Dec2024 00:39:38.988] [Server thread/INFO] [net.minecraft.server.MinecraftServer/]: [elguatavo7u7159: Set own game mode to Survival Mode]
[10Dec2024 00:39:39.635] [Server thread/INFO] [net.minecraft.server.MinecraftServer/]: Crisogamaer was slain by Sea Serpent
[10Dec2024 00:39:39.637] [Server thread/INFO] [com.lothrazar.simpletomb.ModTomb/]: simpletomb.message.new_grave(-89905, 63, 129) minecraft:overworld
[10Dec2024 00:39:48.044] [Server thread/INFO] [net.minecraft.server.MinecraftServer/]: Crisogamaer was slain by Sea Serpent
[10Dec2024 00:39:55.941] [Server thread/INFO] [com.lothrazar.simpletomb.ModTomb/]: 0 result 0 air
[10Dec2024 00:40:51.289] [Worker-Main-1/ERROR] [net.minecraft.world.entity.decoration.HangingEntity/]: Hanging entity at invalid position: BlockPos{x=3, y=-55, z=18}
[10Dec2024 00:43:02.836] [Server thread/INFO] [net.minecraft.server.MinecraftServer/]: Crisogamaer was energized by Lightning Dragon
[10Dec2024 00:43:02.840] [Server thread/INFO] [com.lothrazar.simpletomb.ModTomb/]: simpletomb.message.new_grave(-89827, 76, -344) minecraft:overworld
[10Dec2024 00:43:10.492] [Server thread/INFO] [com.lothrazar.simpletomb.ModTomb/]: 0 result 0 air
[10Dec2024 00:43:18.570] [Worker-Main-3/ERROR] [net.minecraft.world.entity.decoration.HangingEntity/]: Hanging entity at invalid position: BlockPos{x=3, y=-55, z=18}
[10Dec2024 00:43:41.136] [Server thread/INFO] [net.minecraft.server.MinecraftServer/]: Crisogamaer was struck with lightning by Lightning Dragon
[10Dec2024 00:43:41.140] [Server thread/INFO] [com.lothrazar.simpletomb.ModTomb/]: simpletomb.message.new_grave(-89886, 76, -374) minecraft:overworld
[10Dec2024 00:43:55.839] [Server thread/INFO] [com.lothrazar.simpletomb.ModTomb/]: 0 result 0 air
[10Dec2024 00:44:37.685] [Server thread/INFO] [net.minecraft.server.MinecraftServer/]: Crisogamaer was slain by Lightning Dragon
[10Dec2024 00:44:37.689] [Server thread/INFO] [com.lothrazar.simpletomb.ModTomb/]: simpletomb.message.new_grave(-89944, 75, -354) minecraft:overworld
[10Dec2024 00:44:53.643] [Server thread/INFO] [com.lothrazar.simpletomb.ModTomb/]: 0 result 0 air
[10Dec2024 00:46:21.698] [Server thread/INFO] [net.minecraft.server.MinecraftServer/]: Crisogamaer was slain by Skelewag
[10Dec2024 00:46:21.702] [Server thread/INFO] [com.lothrazar.simpletomb.ModTomb/]: simpletomb.message.new_grave(-90208, 59, -116) minecraft:overworld
[10Dec2024 00:46:50.606] [Server thread/INFO] [net.minecraft.server.MinecraftServer/]: [Not Secure] <Crisogamaer> bro me manipularon unas sirenas :(
[10Dec2024 00:47:00.489] [Server thread/INFO] [net.minecraft.server.MinecraftServer/]: Crisogamaer was slain by Skelewag
[10Dec2024 00:50:01.338] [Server thread/INFO] [net.minecraft.server.MinecraftServer/]: Crisogamaer was slain by Skelewag
[10Dec2024 00:50:01.341] [Server thread/INFO] [com.lothrazar.simpletomb.ModTomb/]: simpletomb.message.new_grave(-90207, 59, -116) minecraft:overworld
[10Dec2024 00:50:15.087] [Server thread/INFO] [net.minecraft.server.MinecraftServer/]: Crisogamaer was struck with lightning by Lightning Dragon
[10Dec2024 00:50:15.089] [Server thread/INFO] [com.lothrazar.simpletomb.ModTomb/]: simpletomb.message.new_grave(-90207, 59, -116) minecraft:overworld
[10Dec2024 00:50:25.439] [Server thread/INFO] [net.minecraft.server.MinecraftServer/]: Crisogamaer was slain by Skelewag
[10Dec2024 00:50:25.443] [Server thread/INFO] [com.lothrazar.simpletomb.ModTomb/]: simpletomb.message.new_grave(-90209, 58, -116) minecraft:overworld
